0 info it worked if it ends with ok
1 verbose cli [ '/usr/local/bin/node',
1 verbose cli   '/usr/local/bin/npm',
1 verbose cli   'install',
1 verbose cli   'waud.js' ]
2 info using npm@3.10.10
3 info using node@v6.11.2
4 silly loadCurrentTree Starting
5 silly install loadCurrentTree
6 silly install readLocalPackageData
7 silly fetchPackageMetaData waud.js
8 silly fetchOtherPackageData waud.js
9 silly cache add args [ 'waud.js', null ]
10 verbose cache add spec waud.js
11 silly cache add parsed spec Result {
11 silly cache add   raw: 'waud.js',
11 silly cache add   scope: null,
11 silly cache add   escapedName: 'waud.js',
11 silly cache add   name: null,
11 silly cache add   rawSpec: 'waud.js',
11 silly cache add   spec: '/projects/waud/sample/waud.js',
11 silly cache add   type: 'local' }
12 silly addLocalTarball shasum (computed) 90ba9f7ce426c0756b6295f8b5b09740ba78838c
13 verbose addTmpTarball /projects/waud/sample/waud.js not in flight; adding
14 verbose correctMkdir /Users/adi.mora/.npm correctMkdir not in flight; initializing
15 verbose addTmpTarball validating metadata from /projects/waud/sample/waud.js
16 verbose tar unpack /projects/waud/sample/waud.js
17 verbose tar unpacking to /var/folders/fy/xj1jw1456r10rdssd54f6mnsvvp467/T/npm-23715-78cc75df/unpack-d04f8ca2
18 silly gentlyRm /var/folders/fy/xj1jw1456r10rdssd54f6mnsvvp467/T/npm-23715-78cc75df/unpack-d04f8ca2 is being purged
19 verbose gentlyRm don't care about contents; nuking /var/folders/fy/xj1jw1456r10rdssd54f6mnsvvp467/T/npm-23715-78cc75df/unpack-d04f8ca2
20 silly gunzTarPerm modes [ '755', '644' ]
21 error not a package /projects/waud/sample/waud.js
22 error addLocal Could not install /projects/waud/sample/waud.js
23 silly fetchPackageMetaData Error: ENOENT: no such file or directory, open '/var/folders/fy/xj1jw1456r10rdssd54f6mnsvvp467/T/npm-23715-78cc75df/unpack-d04f8ca2/package.json'
23 silly fetchPackageMetaData     at Error (native)
23 silly fetchPackageMetaData  error for waud.js { Error: ENOENT: no such file or directory, open '/var/folders/fy/xj1jw1456r10rdssd54f6mnsvvp467/T/npm-23715-78cc75df/unpack-d04f8ca2/package.json'
23 silly fetchPackageMetaData     at Error (native)
23 silly fetchPackageMetaData   errno: -2,
23 silly fetchPackageMetaData   code: 'ENOENT',
23 silly fetchPackageMetaData   syscall: 'open',
23 silly fetchPackageMetaData   path: '/var/folders/fy/xj1jw1456r10rdssd54f6mnsvvp467/T/npm-23715-78cc75df/unpack-d04f8ca2/package.json' }
24 silly rollbackFailedOptional Starting
25 silly rollbackFailedOptional Finishing
26 silly runTopLevelLifecycles Finishing
27 silly install printInstalled
28 verbose stack Error: ENOENT: no such file or directory, open '/var/folders/fy/xj1jw1456r10rdssd54f6mnsvvp467/T/npm-23715-78cc75df/unpack-d04f8ca2/package.json'
28 verbose stack     at Error (native)
29 verbose cwd /projects/waud/sample
30 error Darwin 16.7.0
31 error argv "/usr/local/bin/node" "/usr/local/bin/npm" "install" "waud.js"
32 error node v6.11.2
33 error npm  v3.10.10
34 error path /var/folders/fy/xj1jw1456r10rdssd54f6mnsvvp467/T/npm-23715-78cc75df/unpack-d04f8ca2/package.json
35 error code ENOENT
36 error errno -2
37 error syscall open
38 error enoent ENOENT: no such file or directory, open '/var/folders/fy/xj1jw1456r10rdssd54f6mnsvvp467/T/npm-23715-78cc75df/unpack-d04f8ca2/package.json'
39 error enoent ENOENT: no such file or directory, open '/var/folders/fy/xj1jw1456r10rdssd54f6mnsvvp467/T/npm-23715-78cc75df/unpack-d04f8ca2/package.json'
39 error enoent This is most likely not a problem with npm itself
39 error enoent and is related to npm not being able to find a file.
40 verbose exit [ -2, true ]
